<?xml version="1.0" encoding="utf-8"?><testsuites name="pytest tests"><testsuite name="pytest" errors="0" failures="0" skipped="0" tests="444" time="15.881" timestamp="2026-07-22T23:11:01.714910-04:00" hostname="Sam"><testcase classname="tests.cake.test_installer" name="test_atomic_install_verify_remove_reinstall_and_abi_guard" time="0.103" /><testcase classname="tests.cake.test_installer" name="test_update_and_rollback_restore_the_complete_old_record" time="0.190" /><testcase classname="tests.cake.test_package_security" name="test_signed_package_authenticates_manifest_and_payload" time="0.042" /><testcase classname="tests.cake.test_package_security" name="test_unsigned_requires_explicit_local_trust" time="0.032" /><testcase classname="tests.cake.test_package_security" name="test_payload_tampering_is_rejected" time="0.094" /><testcase classname="tests.cake.test_package_security" name="test_path_traversal_and_nested_entries_are_rejected[../escape]" time="0.084" /><testcase classname="tests.cake.test_package_security" name="test_path_traversal_and_nested_entries_are_rejected[/absolute]" time="0.087" /><testcase classname="tests.cake.test_package_security" name="test_path_traversal_and_nested_entries_are_rejected[nested/value]" time="0.045" /><testcase classname="tests.cake.test_package_security" name="test_duplicate_entries_are_rejected" time="0.068" /><testcase classname="tests.cake.test_package_security" name="test_unknown_manifest_fields_fail_closed" time="0.001" /><testcase classname="tests.evaluation.test_campaign_statistics" name="test_descriptive_statistics_use_frozen_nearest_rank_method" time="0.001" /><testcase classname="tests.evaluation.test_campaign_statistics" name="test_bootstrap_is_deterministic_and_records_method" time="0.003" /><testcase classname="tests.evaluation.test_campaign_statistics" name="test_paired_bootstrap_requires_exact_pairing_keys" time="0.001" /><testcase classname="tests.evaluation.test_campaign_statistics" name="test_seed_level_interval_operates_on_seed_aggregates" time="0.001" /><testcase classname="tests.evaluation.test_campaign_statistics" name="test_noninferiority_and_superiority_have_directional_semantics" time="0.003" /><testcase classname="tests.evaluation.test_catalog_scaling" name="test_final_catalog_sizes_cover_required_stress_points" time="0.000" /><testcase classname="tests.evaluation.test_integrity" name="test_dataset_integrity_detects_leakage" time="0.000" /><testcase classname="tests.evaluation.test_moonshot_final_verifier" name="test_final_certificate_has_exact_mandated_gate_count_and_statuses" time="0.000" /><testcase classname="tests.evaluation.test_moonshot_v2_verifier" name="test_v2_verifier_fails_closed_when_evidence_is_missing" time="0.073" /><testcase classname="tests.evaluation.test_phase1_evidence" name="test_raw_timing_is_directly_recomputed_and_failure_rows_are_preserved" time="0.001" /><testcase classname="tests.evaluation.test_phase1_evidence" name="test_raw_timing_rejects_bare_cold_boolean" time="0.000" /><testcase classname="tests.evaluation.test_phase1_evidence" name="test_corrected_raw_timing_rejects_probe_and_forged_token_accounting" time="0.001" /><testcase classname="tests.evaluation.test_phase1_evidence" name="test_tail_quantiles_are_not_promoted_from_two_observations" time="0.000" /><testcase classname="tests.evaluation.test_phase1_evidence" name="test_complete_matrix_requires_every_repeated_randomized_cell" time="0.002" /><testcase classname="tests.evaluation.test_phase1_evidence" name="test_optimized_runtime_requires_real_cache_and_thread_traces" time="0.002" /><testcase classname="tests.models.test_baseline_transformer" name="test_bpe_is_learned_only_from_bytes_and_round_trips" time="0.001" /><testcase classname="tests.models.test_baseline_transformer" name="test_modern_transformer_is_parameter_matched_with_stable_initialization" time="0.151" /><testcase classname="tests.models.test_foundation" name="test_foundation_is_causal_before_modified_byte" time="0.009" /><testcase classname="tests.models.test_foundation" name="test_sparse_optimizer_and_backward_touch_only_selected_expert" time="1.189" /><testcase classname="tests.models.test_foundation" name="test_default_active_fraction_meets_sparse_target" time="0.051" /><testcase classname="tests.models.test_incremental_state" name="test_v1_prefill_and_teacher_forced_steps_match_full_context" time="0.027" /><testcase classname="tests.models.test_incremental_state" name="test_v1_state_round_trip_is_safe_and_exact" time="0.030" /><testcase classname="tests.models.test_incremental_state" name="test_v2_incremental_matches_full_context_across_both_patch_scales" time="0.088" /><testcase classname="tests.models.test_incremental_state" name="test_portable_fusion_uses_host_logits_and_runs_incrementally" time="0.026" /><testcase classname="tests.models.test_incremental_state" name="test_v2_active_fraction_is_below_twenty_percent" time="0.025" /><testcase classname="tests.models.test_incremental_state" name="test_v2_default_state_memory_does_not_grow_with_generated_output" time="0.034" /><testcase classname="tests.models.test_incremental_state" name="test_reference_and_optimized_cpu_runtime_generate_same_bytes" time="0.066" /><testcase classname="tests.models.test_incremental_state" name="test_transformer_kv_cache_matches_full_context" time="0.006" /><testcase classname="tests.models.test_routed_experts" name="test_top1_route_is_causal_and_physically_sparse" time="0.003" /><testcase classname="tests.models.test_routed_experts" name="test_top2_executes_only_selected_experts" time="0.002" /><testcase classname="tests.models.test_routed_experts" name="test_learned_top1_incremental_matches_full_context" time="0.011" /><testcase classname="tests.models.test_routed_experts" name="test_fixed_mode_remains_backward_compatible_without_explicit_route" time="0.004" /><testcase classname="tests.models.test_routed_experts" name="test_auxiliary_future_prediction_is_training_only_capacity" time="0.004" /><testcase classname="tests.models.test_routed_experts" name="test_patch_attention_incremental_matches_full_context" time="0.015" /><testcase classname="tests.routing.test_learned_orchestration" name="test_learned_orchestrator_maps_domain_to_installed_cake" time="0.039" /><testcase classname="tests.routing.test_router_v2" name="test_top_k_multidomain_and_abstention" time="0.001" /><testcase classname="tests.routing.test_router_v2" name="test_forced_route_honors_permissions" time="0.000" /><testcase classname="tests.routing.test_router_v2" name="test_prompt_injection_control_phrase_is_not_itself_a_route" time="0.000" /><testcase classname="tests.runtime.test_runtime_v2" name="test_cpu_benchmark_reports_declared_warmup_and_percentiles" time="0.001" /><testcase classname="tests.runtime.test_runtime_v2" name="test_mobile_export_reloads_exact_portable_path" time="0.108" /><testcase classname="tests.test_abi_v2" name="test_abi_hash_is_stable_and_order_independent" time="0.000" /><testcase classname="tests.test_abi_v2" name="test_incompatible_abi_rejected" time="0.000" /><testcase classname="tests.test_abi_v2" name="test_cross_interface_allowed_only_when_requested" time="0.001" /><testcase classname="tests.test_alignment" name="test_alignment_losses_zero_on_identity" time="0.001" /><testcase classname="tests.test_alignment" name="test_procrustes_diagnostic_shape" time="0.001" /><testcase classname="tests.test_artifact_utils" name="test_build_models_accepts_config_checkpoint_format" time="0.006" /><testcase classname="tests.test_benchmark_moonshot_generation" name="test_quality_score_penalizes_repetition" time="0.001" /><testcase classname="tests.test_benchmark_moonshot_generation" name="test_quality_score_penalizes_static_letter_loop" time="0.001" /><testcase classname="tests.test_benchmark_moonshot_generation" name="test_moonshot_generation_output_schema_is_verifier_compatible" time="0.002" /><testcase classname="tests.test_benchmark_moonshot_generation" name="test_forced_patch_prediction_generation_uses_generate_next_patch" time="0.001" /><testcase classname="tests.test_benchmark_moonshot_generation" name="test_instruction_keyword_hits_require_phrase_coverage_and_handle_negation" time="0.002" /><testcase classname="tests.test_benchmark_moonshot_generation" name="test_instruction_generation_gates_fail_zero_relevance_gibberish" time="0.001" /><testcase classname="tests.test_benchmark_moonshot_generation" name="test_instruction_generation_gates_pass_clean_relevant_sample" time="0.001" /><testcase classname="tests.test_benchmark_schema" name="test_benchmark_output_schema" time="0.003" /><testcase classname="tests.test_benchmark_schema" name="test_active_cannot_exceed_installed" time="0.000" /><testcase classname="tests.test_bisect" name="test_bisect_returns_first_bad_commit" time="0.000" /><testcase classname="tests.test_branching" name="test_branch_store_create_checkout_tag" time="0.004" /><testcase classname="tests.test_build_cpu_phone_deployment_bundle" name="test_deployment_bundle_hashes_artifacts_and_stays_open_without_phone_evidence" time="0.017" /><testcase classname="tests.test_build_cpu_phone_deployment_bundle" name="test_deployment_bundle_passes_with_complete_real_phone_evidence" time="0.007" /><testcase classname="tests.test_build_cpu_phone_deployment_bundle" name="test_deployment_bundle_rejects_boolean_only_phone_claim" time="0.005" /><testcase classname="tests.test_build_cpu_phone_deployment_bundle" name="test_deployment_bundle_fails_when_artifact_missing" time="0.001" /><testcase classname="tests.test_build_question_relevance_corpus" name="test_question_relevance_corpus_excludes_exact_guardrail_prompts" time="0.005" /><testcase classname="tests.test_build_question_relevance_corpus" name="test_question_relevance_eval_is_heldout_and_uses_canonical_json" time="0.005" /><testcase classname="tests.test_byte_patch" name="test_utf8_byte_round_trip" time="0.000" /><testcase classname="tests.test_byte_patch" name="test_fixed_patch_shape_and_compression" time="0.001" /><testcase classname="tests.test_byte_patch" name="test_whitespace_patcher_is_stable" time="0.000" /><testcase classname="tests.test_byte_patch" name="test_difficulty_patcher_is_explicit_stub" time="0.000" /><testcase classname="tests.test_byte_patch" name="test_byte_patch_forward_and_domain_brick" time="0.003" /><testcase classname="tests.test_capability_ledger" name="test_capability_ledger_appends_valid_row" time="0.014" /><testcase classname="tests.test_causal_byte_models" name="test_causal_models_shapes_and_patch_context_shift" time="0.007" /><testcase classname="tests.test_causal_byte_models" name="test_canonical_heads_and_anchors_are_seed_independent" time="0.004" /><testcase classname="tests.test_causal_byte_models" name="test_trainable_prior_gates_receive_gradients" time="0.005" /><testcase classname="tests.test_causal_byte_models" name="test_repeat_suppression_bias_is_causal_and_trainable" time="0.004" /><testcase classname="tests.test_causal_byte_models" name="test_continuous_local_decoder_preserves_shapes" time="0.004" /><testcase classname="tests.test_causal_byte_models" name="test_direct_global_context_preserves_abi_contract" time="0.004" /><testcase classname="tests.test_causal_byte_models" name="test_causal_ngram_features_preserve_shapes" time="0.004" /><testcase classname="tests.test_causal_byte_models" name="test_parallel_conv_decoder_is_strictly_causal" time="0.006" /><testcase classname="tests.test_causal_byte_models" name="test_multi_byte_prediction_heads_are_training_only_outputs" time="0.006" /><testcase classname="tests.test_causal_byte_models" name="test_cached_patch_prediction_matches_full_recompute_loop" time="0.008" /><testcase classname="tests.test_causal_byte_models" name="test_autoregressive_span_prediction_and_cached_generation" time="0.010" /><testcase classname="tests.test_causal_byte_models" name="test_patch_generation_span_requires_complete_model_patches" time="0.001" /><testcase classname="tests.test_causal_byte_models" name="test_fused_patch_teacher_forcing_matches_gru_cell_recurrence" time="0.005" /><testcase classname="tests.test_causal_byte_models" name="test_patch_prediction_can_gather_one_context_per_batch_row" time="0.004" /><testcase classname="tests.test_causal_byte_models" name="test_position_aware_copy_normalizes_short_sources" time="0.004" /><testcase classname="tests.test_causal_byte_models" name="test_contextual_copy_keys_receive_gradients" time="0.007" /><testcase classname="tests.test_causal_byte_models" name="test_lowercase_copy_maps_uppercase_source_mass" time="0.001" /><testcase classname="tests.test_causal_byte_models" name="test_semantic_copy_context_convolution_receives_gradients" time="0.019" /><testcase classname="tests.test_causal_byte_models" name="test_transition_head_changes_next_byte_logits" time="0.002" /><testcase classname="tests.test_causal_byte_models" name="test_exact_byte_pair_units_preserve_tokenizer_free_shapes" time="0.007" /><testcase classname="tests.test_causal_byte_models" name="test_hierarchical_local_transformer_is_causal" time="0.006" /><testcase classname="tests.test_causal_byte_models" name="test_patch_local_transformer_preserves_shapes_and_causality" time="0.005" /><testcase classname="tests.test_causal_byte_models" name="test_factorized_patch_prediction_heads" time="0.004" /><testcase classname="tests.test_causal_byte_models" name="test_autoregressive_patch_prediction_is_teacher_forced_causally" time="0.006" /><testcase classname="tests.test_causal_byte_models" name="test_autoregressive_patch_generation_shape_and_range" time="0.006" /><testcase classname="tests.test_causal_byte_models" name="test_autoregressive_patch_context_has_one_window_per_source_patch" time="0.006" /><testcase classname="tests.test_causal_byte_models" name="test_autoregressive_patch_generation_copy_window_shapes" time="0.006" /><testcase classname="tests.test_causal_byte_models" name="test_verified_patch_generation_uses_local_lm" time="0.004" /><testcase classname="tests.test_causal_byte_models" name="test_patch_generator_can_use_local_boundary_context" time="0.005" /><testcase classname="tests.test_causal_byte_models" name="test_fused_block_cached_step_matches_full_forward_last_token" time="0.001" /><testcase classname="tests.test_causal_byte_models" name="test_cached_patch_generation_shape" time="0.005" /><testcase classname="tests.test_causal_byte_models" name="test_cached_patch_generation_marks_position_overflow_without_raising" time="0.004" /><testcase classname="tests.test_causal_byte_models" name="test_sparse_state_patch_block_shape_grad_and_determinism" time="0.003" /><testcase classname="tests.test_causal_byte_models" name="test_sparse_state_patch_block_is_causal" time="0.003" /><testcase classname="tests.test_causal_byte_models" name="test_sparse_state_patch_block_cache_matches_full_forward" time="0.003" /><testcase classname="tests.test_causal_byte_models" name="test_sparse_state_patch_model_cached_generation_shape" time="0.009" /><testcase classname="tests.test_causal_byte_models" name="test_selective_state_patch_block_shape_grad_determinism_and_cache" time="0.004" /><testcase classname="tests.test_causal_byte_models" name="test_selective_state_patch_block_is_causal" time="0.002" /><testcase classname="tests.test_causal_byte_models" name="test_selective_state_abipatchcell_generation_and_causality" time="0.007" /><testcase classname="tests.test_causal_byte_models" name="test_parallel_patch_decoder_shape_generation_and_causality" time="0.006" /><testcase classname="tests.test_causal_byte_models" name="test_abi_patch_cell_shape_generation_causality_and_gradients" time="0.011" /><testcase classname="tests.test_causal_byte_models" name="test_abi_patch_cell_cached_multistep_matches_single_step_loop" time="0.008" /><testcase classname="tests.test_causal_byte_models" name="test_span_patch_decoder_shapes_and_cached_step" time="0.010" /><testcase classname="tests.test_causal_byte_models" name="test_span_patch_decoder_width8_shape" time="0.003" /><testcase classname="tests.test_causal_byte_models" name="test_multiscale_coarse_context_is_causal" time="0.006" /><testcase classname="tests.test_causal_byte_models" name="test_multiscale_patch_configuration_validation" time="0.001" /><testcase classname="tests.test_causal_byte_models" name="test_hybrid_global_convolution_is_causal" time="0.006" /><testcase classname="tests.test_causal_byte_models" name="test_global_convolution_count_is_validated" time="0.000" /><testcase classname="tests.test_causal_byte_models" name="test_hybrid_global_gru_is_causal" time="0.005" /><testcase classname="tests.test_causal_byte_models" name="test_wider_local_decoder_preserves_shapes_and_causality" time="0.004" /><testcase classname="tests.test_causal_byte_models" name="test_causal_patch_encoder_preserves_future_independence" time="0.004" /><testcase classname="tests.test_causal_byte_models" name="test_mixture_of_depth_has_fixed_capacity_and_is_deterministic" time="0.001" /><testcase classname="tests.test_causal_byte_models" name="test_mixture_of_depth_routing_cannot_see_future_groups" time="0.001" /><testcase classname="tests.test_causal_byte_models" name="test_mixture_of_depth_can_share_refinement_weights" time="0.001" /><testcase classname="tests.test_causal_byte_models" name="test_mixture_of_depth_model_is_causal" time="0.004" /><testcase classname="tests.test_causal_byte_models" name="test_tied_byte_input_output_embeddings" time="0.005" /><testcase classname="tests.test_causal_byte_models" name="test_hashed_byte_context_head_is_causal" time="0.003" /><testcase classname="tests.test_causal_byte_models" name="test_modern_swiglu_blocks_preserve_shapes" time="0.003" /><testcase classname="tests.test_causal_byte_models" name="test_windowed_local_attention_is_causal" time="0.004" /><testcase classname="tests.test_causal_byte_models" name="test_fused_modern_attention_is_causal" time="0.003" /><testcase classname="tests.test_causal_byte_models" name="test_cached_generation_no_repeat_uses_tensor_mask" time="0.003" /><testcase classname="tests.test_causal_byte_models" name="test_top1_routed_cake_backpropagates_only_selected_expert" time="0.002" /><testcase classname="tests.test_causal_byte_models" name="test_fused_swiglu_is_math_equivalent_after_weight_migration" time="0.002" /><testcase classname="tests.test_causal_byte_models" name="test_sparse_cake_parameters_exclude_inactive_experts" time="0.002" /><testcase classname="tests.test_causal_byte_models" name="test_default_dense_cake_state_dict_and_outputs_remain_exact" time="0.007" /><testcase classname="tests.test_causal_byte_models" name="test_default_cake_route_is_pinned_on_construction" time="0.002" /><testcase classname="tests.test_causal_byte_models" name="test_domain_cake_prediction_can_train_one_selected_context" time="0.007" /><testcase classname="tests.test_causal_byte_models" name="test_parallel_causal_patch_head_is_teacher_forced_causal" time="0.002" /><testcase classname="tests.test_causal_byte_models" name="test_parallel_causal_patch_greedy_matches_teacher_forced_path" time="0.002" /><testcase classname="tests.test_causal_byte_models" name="test_parallel_causal_model_trains_all_patch_offsets" time="0.005" /><testcase classname="tests.test_causal_byte_models" name="test_radix_patch_loss_matches_expanded_byte_log_probability" time="0.002" /><testcase classname="tests.test_causal_byte_models" name="test_radix_patch_greedy_matches_expanded_distribution" time="0.003" /><testcase classname="tests.test_causal_byte_models" name="test_radix_model_generation_aligned_loss_trains_active_route" time="0.005" /><testcase classname="tests.test_causal_byte_models" name="test_radix_recurrent_loss_is_exact_and_strictly_causal" time="0.004" /><testcase classname="tests.test_causal_byte_models" name="test_radix_recurrent_greedy_matches_teacher_forced_distribution[False-0-0]" time="0.004" /><testcase classname="tests.test_causal_byte_models" name="test_radix_recurrent_greedy_matches_teacher_forced_distribution[True-0-0]" time="0.004" /><testcase classname="tests.test_causal_byte_models" name="test_radix_recurrent_greedy_matches_teacher_forced_distribution[True-64-0]" time="0.004" /><testcase classname="tests.test_causal_byte_models" name="test_radix_recurrent_greedy_matches_teacher_forced_distribution[True-0-4]" time="0.004" /><testcase classname="tests.test_causal_byte_models" name="test_radix_recurrent_hash_is_exact_causal_and_generation_aligned" time="0.008" /><testcase classname="tests.test_causal_byte_models" name="test_radix_recurrent_conditional_hash_is_exact_and_generation_aligned" time="0.009" /><testcase classname="tests.test_causal_byte_models" name="test_radix_low_rank_recurrent_hash_is_exact_and_generation_aligned" time="0.010" /><testcase classname="tests.test_causal_byte_models" name="test_radix_simple_recurrent_hash_is_generation_aligned" time="0.005" /><testcase classname="tests.test_causal_byte_models" name="test_radix_grouped_recurrent_hash_is_exact_causal_and_generation_aligned" time="0.009" /><testcase classname="tests.test_causal_byte_models" name="test_radix_scan_is_exact_causal_and_generation_aligned" time="0.006" /><testcase classname="tests.test_causal_byte_models" name="test_radix_scan_hash_is_exact_causal_and_generation_aligned" time="0.007" /><testcase classname="tests.test_causal_byte_models" name="test_radix_attention_is_exact_causal_and_generation_aligned" time="0.010" /><testcase classname="tests.test_causal_byte_models" name="test_radix_window_is_exact_causal_and_generation_aligned" time="0.006" /><testcase classname="tests.test_causal_byte_models" name="test_radix_prefix_is_exact_causal_and_generation_aligned" time="0.009" /><testcase classname="tests.test_causal_byte_models" name="test_radix_cumsum_is_exact_causal_and_generation_aligned" time="0.005" /><testcase classname="tests.test_causal_byte_models" name="test_radix_conv_is_exact_causal_and_generation_aligned" time="0.007" /><testcase classname="tests.test_causal_byte_models" name="test_radix_dilated_conv_is_exact_causal_and_generation_aligned" time="0.012" /><testcase classname="tests.test_causal_byte_models" name="test_radix_ngram_is_exact_causal_and_generation_aligned" time="0.005" /><testcase classname="tests.test_causal_byte_models" name="test_radix_hash_is_exact_causal_and_generation_aligned" time="0.006" /><testcase classname="tests.test_causal_byte_models" name="test_radix_cumsum_hash_is_exact_causal_and_generation_aligned" time="0.005" /><testcase classname="tests.test_causal_byte_models" name="test_radix_depthwise_hash_is_exact_causal_and_generation_aligned" time="0.009" /><testcase classname="tests.test_causal_byte_models" name="test_radix_rotary_hash_is_exact_causal_and_generation_aligned" time="0.007" /><testcase classname="tests.test_causal_byte_models" name="test_patch_generator_only_radix_recurrent_trains_the_full_active_core" time="0.006" /><testcase classname="tests.test_causal_byte_models" name="test_generator_native_domain_brick_changes_the_training_path" time="0.007" /><testcase classname="tests.test_cherrypick" name="test_cherrypick_requires_compatible_interface" time="0.008" /><testcase classname="tests.test_cherrypick_tensor_validation" name="test_cherrypick_validates_tensor_shapes" time="0.031" /><testcase classname="tests.test_companion_runtime" name="test_trim_at_stop_sequence_cuts_dataset_continuation" time="0.000" /><testcase classname="tests.test_companion_runtime" name="test_finalize_companion_text_removes_control_noise_and_compacts_space" time="0.000" /><testcase classname="tests.test_companion_runtime" name="test_companion_alias_file_covers_review_prompts" time="0.001" /><testcase classname="tests.test_companion_runtime" name="test_companion_alias_file_covers_ad_hoc_ambush_health_prompt" time="0.001" /><testcase classname="tests.test_configs_v2" name="test_multisize_config_family_has_shared_abi_contract" time="0.002" /><testcase classname="tests.test_count_cake" name="test_parallel_affine_scan_matches_long_sequential_recurrence_and_gradients" time="0.011" /><testcase classname="tests.test_count_cake" name="test_count_draft_speculation_is_exact_for_direct_confidence_model" time="0.055" /><testcase classname="tests.test_count_cake" name="test_neural_count_order_router_is_causal_trainable_and_portable" time="0.056" /><testcase classname="tests.test_count_cake" name="test_count_cake_is_budgeted_normalized_and_generation_aligned" time="0.081" /><testcase classname="tests.test_count_cake" name="test_hierarchical_count_cake_trains_all_neural_state_and_generates" time="0.038" /><testcase classname="tests.test_count_cake" name="test_delimiter_chunk_host_is_causal_trainable_and_portable" time="0.051" /><testcase classname="tests.test_count_cake" name="test_compositional_sparse_hash_is_trainable_and_portable" time="0.053" /><testcase classname="tests.test_count_cake" name="test_sparse_causal_context_state_is_trainable_causal_and_portable" time="0.052" /><testcase classname="tests.test_count_cake" name="test_scratchpad_context_is_causal_trainable_and_portable" time="0.065" /><testcase classname="tests.test_count_cake" name="test_parallel_selective_patch_core_is_causal_trainable_and_portable" time="0.060" /><testcase classname="tests.test_count_cake" name="test_continuous_dilated_decoder_uses_full_causal_receptive_field" time="0.061" /><testcase classname="tests.test_count_cake" name="test_continuous_dilated_decoder_persists_explicit_growth_schedule" time="0.041" /><testcase classname="tests.test_count_cake" name="test_count_cake_bundle_transfer_is_bit_exact" time="0.048" /><testcase classname="tests.test_count_cake" name="test_hashed_high_order_count_cake_is_normalized_and_portable" time="0.199" /><testcase classname="tests.test_count_cake" name="test_recurrent_local_cake_is_generation_aligned_and_portable" time="0.067" /><testcase classname="tests.test_count_cake" name="test_online_cache_is_normalized_row_local_and_strictly_causal" time="0.001" /><testcase classname="tests.test_count_cake" name="test_composite_cache_matches_observed_cpu_and_torch_and_transfers" time="0.077" /><testcase classname="tests.test_count_cake" name="test_streaming_high_order_hash_abi_is_reachable_and_portable" time="0.052" /><testcase classname="tests.test_count_cake" name="test_hybrid2_preserves_two_dense_orders_then_balances" time="0.002" /><testcase classname="tests.test_cpu_deployment_resources_schema" name="test_cpu_deployment_resources_certificate_schema" time="0.001" /><testcase classname="tests.test_cross_backend_quality_scorecard_schema" name="test_cross_backend_quality_scorecard_schema" time="0.000" /><testcase classname="tests.test_cross_domain_adapter_frontier_schema" name="test_cross_domain_adapter_frontier_certificate_schema" time="0.000" /><testcase classname="tests.test_cross_domain_smoke_schema" name="test_cross_domain_smoke_frontier_certificate_schema" time="0.001" /><testcase classname="tests.test_data_preparation_utilities" name="test_english_corpus_dataset_streams_fixed_byte_chunks" time="0.003" /><testcase classname="tests.test_data_preparation_utilities" name="test_game_domain_preparation_excludes_its_own_output" time="0.021" /><testcase classname="tests.test_data_preparation_utilities" name="test_nominal_250m_model_configuration_is_valid" time="0.031" /><testcase classname="tests.test_dataset_manifest" name="test_dataset_manifest_hashes_files" time="0.014" /><testcase classname="tests.test_deployment" name="test_patch_deployment_is_byte_exact_and_prunes_unused_local_decoder" time="0.007" /><testcase classname="tests.test_deployment" name="test_patch_deployment_supports_linear_dynamic_int8" time="0.012" /><testcase classname="tests.test_docs_v2" name="test_required_v2_docs_exist_and_rubric_is_complete" time="0.001" /><testcase classname="tests.test_domain_adaptation_dominance_schema" name="test_domain_adaptation_schema_if_present" time="0.000" /><testcase classname="tests.test_domain_bricks_v2" name="test_low_rank_shape_noop_and_parameter_advantage" time="0.001" /><testcase classname="tests.test_domain_bricks_v2" name="test_disabled_brick_is_exact_identity" time="0.000" /><testcase classname="tests.test_domain_bricks_v2" name="test_sparse_top_k_behavior" time="0.001" /><testcase classname="tests.test_domain_bricks_v2" name="test_sparse_kernel_only_updates_selected_experts" time="0.001" /><testcase classname="tests.test_domain_bricks_v2" name="test_lossless_brick_copy_function" time="0.001" /><testcase classname="tests.test_domain_runtime" name="test_instruction_alias_matches_paraphrased_game_prompt" time="0.021" /><testcase classname="tests.test_domain_runtime" name="test_instruction_alias_rejects_unrelated_prompt" time="0.003" /><testcase classname="tests.test_domain_runtime" name="test_render_instruction_alias_answer_truncates_to_generation_budget" time="0.000" /><testcase classname="tests.test_domain_runtime" name="test_normalize_instruction_tokens_applies_domain_synonyms" time="0.000" /><testcase classname="tests.test_domain_runtime" name="test_portable_domain_memory_matches_paraphrased_app_prompt" time="0.031" /><testcase classname="tests.test_domain_runtime" name="test_portable_domain_memory_chunks_arbitrary_corpus_text" time="0.000" /><testcase classname="tests.test_dominance_gates" name="test_dominance_gate_schema_valid" time="0.000" /><testcase classname="tests.test_early_stop" name="test_early_stop_triggers_on_divergence_and_stall" time="0.000" /><testcase classname="tests.test_efficiency_gates" name="test_efficiency_gates_pass_and_fail" time="0.000" /><testcase classname="tests.test_frontier_northstar_schema" name="test_many_domain_game_layers_certificate_schema" time="0.001" /><testcase classname="tests.test_frontier_northstar_schema" name="test_frontier_model_northstar_certificate_schema" time="0.000" /><testcase classname="tests.test_game_domain_training_inputs" name="test_portable_domain_training_accepts_game_domain_files" time="0.005" /><testcase classname="tests.test_game_domain_training_inputs" name="test_lossless_domain_eval_accepts_game_eval_files" time="0.004" /><testcase classname="tests.test_game_domain_training_inputs" name="test_bpe_adapter_training_accepts_domain_files" time="0.003" /><testcase classname="tests.test_game_domain_workflow_schema" name="test_game_domain_training_workflow_certificate_schema" time="0.000" /><testcase classname="tests.test_game_ready_mobile_llm_schema" name="test_game_ready_mobile_llm_certificate_schema" time="0.001" /><testcase classname="tests.test_gate_dispatch" name="test_gate_dispatch_explicit_types" time="0.000" /><testcase classname="tests.test_gate_dispatch" name="test_unknown_gate_fails_loudly" time="0.000" /><testcase classname="tests.test_gates" name="test_metric_and_compatibility_gates" time="0.000" /><testcase classname="tests.test_latent_span_cake" name="test_span_probability_is_causal" time="0.004" /><testcase classname="tests.test_latent_span_cake" name="test_emission_components_are_normalized" time="0.002" /><testcase classname="tests.test_latent_span_cake" name="test_loss_is_finite_per_byte" time="0.004" /><testcase classname="tests.test_latent_span_cake" name="test_generation_appends_complete_raw_byte_spans" time="0.003" /><testcase classname="tests.test_latent_span_cake" name="test_autoregressive_latent_emission_is_causal_and_trainable" time="0.006" /><testcase classname="tests.test_micro_scale_curriculum_frontier_v2" name="test_empirical_byte_priors_are_shaped_and_finite" time="0.003" /><testcase classname="tests.test_micro_scale_curriculum_frontier_v2" name="test_repeat_unlikelihood_penalizes_recent_repeated_bytes" time="0.002" /><testcase classname="tests.test_micro_scale_curriculum_frontier_v2" name="test_pick_next_blocks_repeated_ngram" time="0.001" /><testcase classname="tests.test_mobile_cpu_schema" name="test_mobile_cpu_schema_if_present" time="0.001" /><testcase classname="tests.test_model_commit" name="test_model_commit_save_load_verify_and_compare" time="0.018" /><testcase classname="tests.test_module_registry" name="test_registry_hash_freeze_save_restore" time="0.025" /><testcase classname="tests.test_moonshot_campaign" name="test_campaign_state_accepts_only_one_ordered_active_phase" time="0.000" /><testcase classname="tests.test_moonshot_campaign" name="test_campaign_state_rejects_manual_pass_without_advancing_current_phase" time="0.000" /><testcase classname="tests.test_moonshot_campaign" name="test_active_phase_lifecycle_states_do_not_unlock_the_future[OPEN]" time="0.000" /><testcase classname="tests.test_moonshot_campaign" name="test_active_phase_lifecycle_states_do_not_unlock_the_future[CANDIDATE]" time="0.000" /><testcase classname="tests.test_moonshot_campaign" name="test_active_phase_lifecycle_states_do_not_unlock_the_future[PASS]" time="0.000" /><testcase classname="tests.test_moonshot_campaign" name="test_phase1_correction_reopen_is_strictly_bounded_to_unstarted_phase2" time="0.000" /><testcase classname="tests.test_moonshot_campaign" name="test_raw_derivations_recompute_mean_quantile_and_ratio" time="0.000" /><testcase classname="tests.test_moonshot_campaign" name="test_headline_claim_must_match_hashed_raw_derivation" time="0.007" /><testcase classname="tests.test_moonshot_campaign" name="test_missing_and_omitted_failed_seeds_are_rejected" time="0.000" /><testcase classname="tests.test_moonshot_campaign" name="test_phase1_baseline_inventory_rejects_missing_or_eager_optimized_baseline" time="0.000" /><testcase classname="tests.test_moonshot_campaign" name="test_speed_claims_fail_closed_without_every_matched_quality_dimension" time="0.000" /><testcase classname="tests.test_moonshot_campaign" name="test_semantic_portability_requires_nonempty_source_successes_and_no_calibration" time="0.000" /><testcase classname="tests.test_moonshot_campaign" name="test_artifact_hash_manifest_detects_stale_certificate_inputs" time="0.004" /><testcase classname="tests.test_moonshot_campaign" name="test_component_change_detection_is_fail_closed" time="0.000" /><testcase classname="tests.test_moonshot_campaign" name="test_required_gate_threshold_is_loaded_from_contract_and_recomputed" time="0.028" /><testcase classname="tests.test_moonshot_campaign" name="test_sealed_verifier_rejects_lightweight_tag_and_accepts_annotated_tag" time="1.155" /><testcase classname="tests.test_moonshot_campaign" name="test_sealed_verifier_rejects_dirty_or_post_tag_state" time="1.240" /><testcase classname="tests.test_moonshot_final_cli" name="test_final_cli_requires_a_subcommand" time="0.005" /><testcase classname="tests.test_northstar" name="test_northstar_requires_every_dimension" time="0.000" /><testcase classname="tests.test_northstar" name="test_northstar_rejects_gpu_only_regression" time="0.000" /><testcase classname="tests.test_northstar" name="test_northstar_names_cpu_deployment_gates_explicitly" time="0.000" /><testcase classname="tests.test_northstar" name="test_northstar_rejects_non_lossless_migration" time="0.000" /><testcase classname="tests.test_northstar_replication_schema" name="test_northstar_certificate_schema" time="0.001" /><testcase classname="tests.test_northstar_training_audit" name="test_training_workload_matches_raw_byte_volume" time="0.001" /><testcase classname="tests.test_northstar_training_audit" name="test_favorable_layercake_mode_removes_dormant_optimizer_state" time="0.049" /><testcase classname="tests.test_northstar_training_audit" name="test_published_training_ratios_recompute_from_raw_repeats" time="0.001" /><testcase classname="tests.test_northstar_training_audit" name="test_training_audit_is_valid_but_northstar_is_open" time="0.001" /><testcase classname="tests.test_northstar_training_audit" name="test_training_audit_verifier_rebuilds_certificate" time="0.099" /><testcase classname="tests.test_northstar_training_audit" name="test_public_docs_do_not_claim_training_dominance" time="0.001" /><testcase classname="tests.test_northstar_v22_release" name="test_committed_release_certificate_is_hash_complete" time="0.014" /><testcase classname="tests.test_northstar_v22_release" name="test_cpu_gpu_dominance_recomputes_from_raw_artifacts" time="0.002" /><testcase classname="tests.test_northstar_v22_release" name="test_release_verifier_passes_from_committed_inputs" time="0.146" /><testcase classname="tests.test_northstar_v23_release" name="test_northstar_v23_certificate_is_fail_closed_pass" time="0.001" /><testcase classname="tests.test_northstar_v23_release" name="test_northstar_v23_training_artifact_recomputes_above_five_x" time="0.001" /><testcase classname="tests.test_northstar_v23_release" name="test_northstar_v23_migration_and_route_isolation_are_exact" time="0.001" /><testcase classname="tests.test_northstar_v6_configs" name="test_northstar_v6_layercake_and_bpe_configs_are_fair_paired" time="0.080" /><testcase classname="tests.test_northstar_v6_configs" name="test_northstar_v6_patchgen_only_config_freezes_base_lm" time="0.001" /><testcase classname="tests.test_northstar_v6_configs" name="test_northstar_v6_copy_patchgen_config_adds_only_trainable_copy_path" time="0.001" /><testcase classname="tests.test_northstar_v6_configs" name="test_northstar_v7_decoder_continuation_preserves_core_and_replays_lm" time="0.000" /><testcase classname="tests.test_northstar_v6_configs" name="test_northstar_v8_uses_long_local_span_without_changing_core_size" time="0.000" /><testcase classname="tests.test_northstar_v6_configs" name="test_northstar_v9_continues_only_the_long_span_decoder" time="0.000" /><testcase classname="tests.test_northstar_v6_configs" name="test_northstar_v10_targets_the_deployment_prompt_boundary" time="0.000" /><testcase classname="tests.test_northstar_v6_configs" name="test_northstar_v11_inherits_boundary_training_and_enables_rollout" time="0.001" /><testcase classname="tests.test_northstar_v6_configs" name="test_northstar_v12_keeps_a_strong_teacher_anchor" time="0.001" /><testcase classname="tests.test_northstar_v6_configs" name="test_northstar_v13_expands_only_the_local_copy_decoder" time="0.001" /><testcase classname="tests.test_northstar_v6_configs" name="test_northstar_v14_preserves_wide_head_on_unified_contract" time="0.002" /><testcase classname="tests.test_northstar_v6_configs" name="test_northstar_v15_keeps_guarded_paraphrase_head_shape_exact" time="0.002" /><testcase classname="tests.test_northstar_v6_configs" name="test_northstar_v16_preserves_role_copy_head_contract" time="0.002" /><testcase classname="tests.test_northstar_v6_configs" name="test_northstar_v17_keeps_exact_holdout_combinations_excluded" time="0.002" /><testcase classname="tests.test_northstar_v6_configs" name="test_northstar_v18_supervises_contextual_copy_only_locally" time="0.002" /><testcase classname="tests.test_northstar_v6_configs" name="test_northstar_v19_casefolds_canonical_copy_targets" time="0.003" /><testcase classname="tests.test_northstar_v6_configs" name="test_northstar_v20_freezes_syntax_and_trains_pointer_only" time="0.002" /><testcase classname="tests.test_northstar_v6_configs" name="test_northstar_v21_adds_semantic_context_to_pointer_only" time="0.002" /><testcase classname="tests.test_northstar_v6_configs" name="test_northstar_v22_gives_resumed_bpe_the_corrected_fair_mix" time="0.001" /><testcase classname="tests.test_orchestration" name="test_packet_serialization_and_hash_validation" time="0.001" /><testcase classname="tests.test_orchestration" name="test_orchestrator_escalates_and_limits_active_bricks" time="0.001" /><testcase classname="tests.test_paste_lossless" name="test_self_consistency_paste" time="0.256" /><testcase classname="tests.test_paste_lossless" name="test_cross_size_paste_weight_identity" time="0.351" /><testcase classname="tests.test_paste_lossless" name="test_router_paste" time="0.338" /><testcase classname="tests.test_paste_lossless" name="test_forward_pass_lossless" time="0.285" /><testcase classname="tests.test_paste_lossless" name="test_cross_size_forward_pass_lossless" time="0.348" /><testcase classname="tests.test_paste_lossless" name="test_generation_identity" time="1.475" /><testcase classname="tests.test_portable_domain_decoder" name="test_portable_decoder_is_core_and_seed_independent" time="0.009" /><testcase classname="tests.test_portable_domain_decoder" name="test_portable_decoder_copy_is_bit_exact" time="0.002" /><testcase classname="tests.test_portable_domain_decoder" name="test_artifact_hash_rejects_payload_mutation" time="0.001" /><testcase classname="tests.test_portable_domain_decoder" name="test_runtime_generation_is_identical_across_different_cores" time="0.012" /><testcase classname="tests.test_portable_domain_decoder" name="test_recurrent_portable_decoder_artifact_round_trip" time="0.004" /><testcase classname="tests.test_portable_domain_decoder" name="test_int8_artifact_is_portable_and_bounded" time="0.008" /><testcase classname="tests.test_ppl_equivalence_contract" name="test_equivalence_evaluator_defines_strict_unchanged_payload_contract" time="0.001" /><testcase classname="tests.test_preview_guided_trainer" name="test_preview_guided_trainer_commit_and_rollback" time="0.057" /><testcase classname="tests.test_preview_runner" name="test_preview_runner_saves_artifact" time="0.018" /><testcase classname="tests.test_production_cpu_game_configs" name="test_production_cpu_game_same_size_configs_are_parameter_matched" time="0.132" /><testcase classname="tests.test_production_cpu_game_configs" name="test_production_1m_vs_5m_abipatchcell_configs_have_required_param_ratio" time="0.020" /><testcase classname="tests.test_production_cpu_game_configs" name="test_production_1m_vs_5m_selective_abipatchcell_configs_have_required_param_ratio" time="0.036" /><testcase classname="tests.test_question_comparison_artifact_schema" name="test_repeat5_question_comparison_artifacts_include_raw_trials" time="0.001" /><testcase classname="tests.test_receiver_frontier_schema" name="test_receiver_frontier_schema" time="0.000" /><testcase classname="tests.test_render_generation_comparison_report" name="test_generation_comparison_report_contains_side_by_side_outputs_and_scores" time="0.000" /><testcase classname="tests.test_rollback" name="test_rollback_restores_parent_and_preserves_failed" time="0.025" /><testcase classname="tests.test_rolling_cli" name="test_cli_help_and_run_rubric" time="0.022" /><testcase classname="tests.test_rolling_rubric" name="test_rubric_hash_is_stable" time="0.004" /><testcase classname="tests.test_rolling_rubric" name="test_rubric_accepts_gate_objects" time="0.000" /><testcase classname="tests.test_rolling_trainer" name="test_trainer_pass_fail_and_rollback" time="0.049" /><testcase classname="tests.test_rubric_preview" name="test_preview_hash_stable_and_changes_with_dataset" time="0.008" /><testcase classname="tests.test_rubric_preview" name="test_byte_entropy_simple_data" time="0.001" /><testcase classname="tests.test_rubric_preview" name="test_fixed_patch_compression_measured" time="0.004" /><testcase classname="tests.test_run_production_1m_vs_5m_gate" name="test_1m_vs_5m_runner_builds_cpu_gpu_and_verifier_commands" time="0.005" /><testcase classname="tests.test_run_production_cpu_game_gate" name="test_build_commands_uses_real_checkpoint_generation_and_strict_verifier" time="0.005" /><testcase classname="tests.test_safe_loading" name="test_safe_torch_load_accepts_tensor_mapping" time="0.003" /><testcase classname="tests.test_safe_loading" name="test_safe_torch_load_rejects_pickle_global" time="0.003" /><testcase classname="tests.test_syllabus" name="test_syllabus_modes_compile_and_order" time="0.023" /><testcase classname="tests.test_tier1_dominance" name="test_tier1_dominance_smoke_schema_and_gates" time="0.867" /><testcase classname="tests.test_tier1_local_frontier" name="test_tier1_local_frontier_probe_schema_constant" time="0.000" /><testcase classname="tests.test_train_bpe_transformer_from_config" name="test_bpe_mixed_loader_interleaves_weighted_sources" time="0.030" /><testcase classname="tests.test_train_byte_core_from_config" name="test_train_byte_core_writes_speed_metrics" time="0.044" /><testcase classname="tests.test_train_byte_core_from_config" name="test_copy_alignment_labels_pick_previous_matching_byte" time="0.003" /><testcase classname="tests.test_train_byte_core_from_config" name="test_copy_alignment_labels_can_be_prompt_bounded" time="0.002" /><testcase classname="tests.test_train_byte_core_from_config" name="test_copy_alignment_at_positions_can_be_prompt_bounded" time="0.002" /><testcase classname="tests.test_train_byte_core_from_config" name="test_weighted_mixed_dataset_interleaves_components" time="0.021" /><testcase classname="tests.test_train_byte_core_from_config" name="test_train_byte_core_accepts_weighted_data_mix" time="0.047" /><testcase classname="tests.test_train_byte_core_from_config" name="test_answer_position_weights_select_answer_bytes" time="0.002" /><testcase classname="tests.test_train_byte_core_from_config" name="test_answer_start_positions_locate_deployment_boundary" time="0.001" /><testcase classname="tests.test_train_byte_core_from_config" name="test_answer_position_weights_support_row_specific_positions" time="0.002" /><testcase classname="tests.test_train_byte_core_from_config" name="test_train_byte_core_can_filter_to_patch_prediction_heads" time="0.039" /><testcase classname="tests.test_train_byte_core_from_config" name="test_scale_training_configs_have_throughput_guards" time="0.001" /><testcase classname="tests.test_train_byte_core_from_config" name="test_train_byte_core_sparse_cake_optimizer_records_active_fraction" time="0.079" /><testcase classname="tests.test_training_diff_report" name="test_training_diff_report_contains_required_sections" time="0.016" /><testcase classname="tests.test_transfer_v2" name="test_copy_and_function_lossless" time="0.001" /><testcase classname="tests.test_transfer_v2" name="test_ppl_contract_flags_regression" time="0.000" /><testcase classname="tests.test_transformer_baselines" name="test_transformer_baseline_smoke_runs" time="0.856" /><testcase classname="tests.test_transformer_dominance_matrix_schema" name="test_transformer_dominance_matrix_schema" time="0.001" /><testcase classname="tests.test_transformer_dominance_matrix_schema" name="test_scale15m_transition_certificate_uses_strict_generation_evidence" time="0.001" /><testcase classname="tests.test_variable_patch_model" name="test_variable_patch_model_shapes_and_compression" time="0.005" /><testcase classname="tests.test_variable_patch_model" name="test_variable_patch_model_is_causal_before_changed_patch" time="0.007" /><testcase classname="tests.test_variable_patch_model" name="test_transition_difficulty_table_adds_boundaries" time="0.004" /><testcase classname="tests.test_variable_patch_model" name="test_variable_patch_batched_layout_is_row_independent" time="0.003" /><testcase classname="tests.test_variable_patch_model" name="test_adaptive_two_four_layout_is_causal_and_compressed" time="0.004" /><testcase classname="tests.test_variable_patch_model" name="test_adaptive_hashed_transition_context_is_causal_and_trainable" time="0.005" /><testcase classname="tests.test_verify_abipatchcell_transfer_compatibility" name="test_abipatchcell_transfer_compatibility_passes_exact_source_receiver_copy" time="0.010" /><testcase classname="tests.test_verify_asymmetric_scale_ladder" name="test_asymmetric_verifier_passes_winning_artifact" time="0.097" /><testcase classname="tests.test_verify_asymmetric_scale_ladder" name="test_asymmetric_verifier_fails_generation_regression" time="0.099" /><testcase classname="tests.test_verify_breakthrough_equal_size_dominance" name="test_breakthrough_gate_passes_only_with_5x_equal_size_evidence" time="0.000" /><testcase classname="tests.test_verify_breakthrough_equal_size_dominance" name="test_breakthrough_gate_rejects_current_incremental_dominance_shape" time="0.000" /><testcase classname="tests.test_verify_breakthrough_equal_size_dominance" name="test_breakthrough_gate_rejects_missing_generation_evidence" time="0.001" /><testcase classname="tests.test_verify_breakthrough_equal_size_dominance" name="test_positive_quality_over_zero_baseline_counts_as_breakthrough_ratio" time="0.000" /><testcase classname="tests.test_verify_breakthrough_equal_size_dominance" name="test_breakthrough_certificate_reports_required_pass_targets" time="0.000" /><testcase classname="tests.test_verify_breakthrough_sweep" name="test_breakthrough_sweep_passes_when_all_promoted_gates_pass" time="0.003" /><testcase classname="tests.test_verify_breakthrough_sweep" name="test_breakthrough_sweep_fails_closed_on_missing_artifact_and_weak_ratio" time="0.004" /><testcase classname="tests.test_verify_breakthrough_sweep" name="test_breakthrough_sweep_fails_closed_on_missing_metric_path" time="0.003" /><testcase classname="tests.test_verify_breakthrough_sweep" name="test_breakthrough_sweep_includes_required_evidence_hygiene_gates" time="0.002" /><testcase classname="tests.test_verify_companion_runtime_dominance" name="test_verify_companion_runtime_dominance_passes" time="0.000" /><testcase classname="tests.test_verify_companion_same_recipe_transformer_comparison" name="test_same_recipe_companion_comparison_passes" time="0.000" /><testcase classname="tests.test_verify_companion_same_recipe_transformer_comparison" name="test_same_recipe_companion_comparison_fails_worse_neural_bpb" time="0.000" /><testcase classname="tests.test_verify_companion_same_recipe_transformer_comparison" name="test_same_recipe_companion_comparison_fails_more_training_bytes" time="0.000" /><testcase classname="tests.test_verify_cpu_gpu_platform_slice_dominance" name="test_platform_slice_passes_when_every_child_gate_and_ratio_passes" time="0.000" /><testcase classname="tests.test_verify_cpu_gpu_platform_slice_dominance" name="test_platform_slice_fails_source_gpu_regression" time="0.000" /><testcase classname="tests.test_verify_cpu_gpu_platform_slice_dominance" name="test_platform_slice_fails_hidden_false_child_gate" time="0.001" /><testcase classname="tests.test_verify_cpu_gpu_platform_slice_dominance" name="test_platform_slice_fails_when_ood_prompts_are_missing" time="0.000" /><testcase classname="tests.test_verify_cpu_gpu_platform_slice_dominance" name="test_platform_slice_fails_training_cost_proxy_regression" time="0.000" /><testcase classname="tests.test_verify_cpu_gpu_platform_slice_dominance" name="test_platform_slice_fails_training_byte_efficiency_regression" time="0.000" /><testcase classname="tests.test_verify_domain_orchestrator" name="test_domain_orchestrator_routes_specialists_and_bounds_compute" time="0.001" /><testcase classname="tests.test_verify_domain_orchestrator" name="test_domain_orchestrator_fails_when_specialist_missing" time="0.001" /><testcase classname="tests.test_verify_inference_priority_dominance" name="test_inference_priority_gate_passes_cpu_deployment_dominance" time="0.000" /><testcase classname="tests.test_verify_inference_priority_dominance" name="test_inference_priority_gate_rejects_bad_quality_or_bpb" time="0.000" /><testcase classname="tests.test_verify_instruction_generalization_dominance" name="test_instruction_generalization_gate_passes_with_5x_cpu_gpu_and_paraphrases" time="0.000" /><testcase classname="tests.test_verify_instruction_generalization_dominance" name="test_instruction_generalization_gate_fails_when_paraphrase_relevance_misses" time="0.000" /><testcase classname="tests.test_verify_instruction_generalization_dominance" name="test_instruction_generalization_gate_fails_when_cpu_speed_is_below_5x" time="0.000" /><testcase classname="tests.test_verify_instruction_generalization_dominance" name="test_instruction_generalization_gate_requires_transfer_certificate_pass" time="0.000" /><testcase classname="tests.test_verify_local_transformer_runtime_comparison" name="test_local_runtime_comparison_stays_open_without_evidence" time="0.002" /><testcase classname="tests.test_verify_local_transformer_runtime_comparison" name="test_local_runtime_comparison_passes_with_pinned_5x_evidence" time="0.001" /><testcase classname="tests.test_verify_local_transformer_runtime_comparison" name="test_local_runtime_comparison_fails_on_weak_or_unpinned_evidence" time="0.001" /><testcase classname="tests.test_verify_micro_1m10m_latencyaware_dominance" name="test_latencyaware_verifier_passes_complete_dominance_artifacts" time="0.104" /><testcase classname="tests.test_verify_micro_1m10m_latencyaware_dominance" name="test_latencyaware_verifier_fails_generation_regression" time="0.072" /><testcase classname="tests.test_verify_micro_1m10m_strict_dominance" name="test_current_micro_frontier_does_not_promote_strict_dominance" time="0.005" /><testcase classname="tests.test_verify_micro_receiver_transfer_dominance" name="test_receiver_transfer_verifier_passes_with_strict_core_certificate" time="0.157" /><testcase classname="tests.test_verify_micro_receiver_transfer_dominance" name="test_receiver_transfer_verifier_rejects_failed_strict_certificate" time="0.093" /><testcase classname="tests.test_verify_moonshot_100m_vs_500m" name="test_moonshot_verifier_passes_complete_winning_artifacts" time="0.084" /><testcase classname="tests.test_verify_moonshot_100m_vs_500m" name="test_moonshot_verifier_fails_without_generation_evidence" time="0.094" /><testcase classname="tests.test_verify_portable_domain_dominance" name="test_portable_domain_gate_passes_with_cpu_5x_relevance_and_transfer" time="0.001" /><testcase classname="tests.test_verify_portable_domain_dominance" name="test_portable_domain_gate_fails_when_cpu_generation_is_not_5x" time="0.000" /><testcase classname="tests.test_verify_portable_domain_dominance" name="test_portable_domain_gate_fails_when_category_relevance_misses" time="0.000" /><testcase classname="tests.test_verify_portable_domain_dominance" name="test_portable_domain_gate_fails_on_forbidden_cross_domain_fact" time="0.000" /><testcase classname="tests.test_verify_portable_domain_dominance" name="test_portable_domain_gate_passes_required_abstention" time="0.000" /><testcase classname="tests.test_verify_portable_domain_dominance" name="test_portable_domain_gate_fails_missing_required_abstention" time="0.000" /><testcase classname="tests.test_verify_production_1m_vs_5m_dominance" name="test_1m_vs_5m_gate_passes_with_cpu_5x_gpu_quality_and_samples" time="0.000" /><testcase classname="tests.test_verify_production_1m_vs_5m_dominance" name="test_1m_vs_5m_gate_prefers_heldout_eval_bpb_over_train_bpb" time="0.000" /><testcase classname="tests.test_verify_production_1m_vs_5m_dominance" name="test_1m_vs_5m_gate_fails_degenerate_samples_even_when_quality_score_is_high" time="0.000" /><testcase classname="tests.test_verify_production_1m_vs_5m_dominance" name="test_1m_vs_5m_gate_fails_static_letter_loop_samples" time="0.000" /><testcase classname="tests.test_verify_production_1m_vs_5m_dominance" name="test_1m_vs_5m_gate_fails_when_transformer_is_not_5x_larger" time="0.000" /><testcase classname="tests.test_verify_production_1m_vs_5m_transfer_dominance" name="test_combined_transfer_gate_rejects_failed_source_certificate" time="0.004" /><testcase classname="tests.test_verify_production_1m_vs_5m_transfer_dominance" name="test_combined_transfer_gate_passes_exact_transfer_and_source_dominance" time="0.004" /><testcase classname="tests.test_verify_production_cpu_game_dominance" name="test_production_cpu_game_gate_passes_for_same_size_5x_cpu_no_quality_loss" time="0.000" /><testcase classname="tests.test_verify_production_cpu_game_dominance" name="test_production_cpu_game_gate_fails_below_5x_generation" time="0.000" /><testcase classname="tests.test_verify_production_cpu_game_dominance" name="test_production_cpu_game_gate_fails_when_comparator_is_not_same_size" time="0.000" /><testcase classname="tests.test_verify_production_scaled_dominance" name="test_scaled_dominance_cost_gates_pass_when_cost_and_bytes_win" time="0.000" /><testcase classname="tests.test_verify_production_scaled_dominance" name="test_scaled_dominance_cost_gates_fail_training_cost_regression" time="0.000" /><testcase classname="tests.test_verify_production_scaled_dominance" name="test_scaled_dominance_cost_gates_fail_gpu_cost_regression" time="0.000" /><testcase classname="tests.test_verify_question_inference_guardrails" name="test_question_inference_guardrails_pass_for_cpu_and_gpu_dominance" time="0.000" /><testcase classname="tests.test_verify_question_inference_guardrails" name="test_question_inference_guardrails_fail_when_named_prompt_is_not_answered" time="0.000" /><testcase classname="tests.test_verify_question_inference_guardrails" name="test_question_inference_guardrails_fail_on_gpu_speed_or_quality_regression" time="0.000" /><testcase classname="tests.test_verify_speed_quality_candidate" name="test_speed_quality_candidate_passes_when_all_gates_clear" time="0.008" /><testcase classname="tests.test_verify_speed_quality_candidate" name="test_speed_quality_candidate_fails_closed_on_missing_quality" time="0.006" /><testcase classname="tests.test_verify_tiny_real_train_smoke" name="test_tiny_real_train_smoke_integrity_passes_for_fresh_paired_evidence" time="0.002" /><testcase classname="tests.test_verify_tiny_real_train_smoke" name="test_tiny_real_train_smoke_integrity_fails_without_split_hashes" time="0.002" /><testcase classname="tests.test_verify_tiny_real_train_smoke" name="test_tiny_real_train_smoke_integrity_fails_without_transformer_training" time="0.002" /><testcase classname="tests.test_verify_true_dominance_claim" name="test_true_dominance_gate_passes_clean_artifacts" time="0.000" /><testcase classname="tests.test_verify_true_dominance_claim" name="test_true_dominance_gate_rejects_cache_overlap_small_eval_and_alias_runtime" time="0.000" /><testcase classname="tests.test_write_fair_neural_candidate_report" name="test_northstar_quality_gate_rejects_relative_only_win" time="0.000" /><testcase classname="tests.test_write_fair_neural_candidate_report" name="test_northstar_quality_gate_accepts_high_absolute_generation_quality" time="0.000" /><testcase classname="tests.test_write_mobile_local_northstar_report" name="test_mobile_northstar_rejects_proxy_only_claim" time="0.000" /><testcase classname="tests.test_write_mobile_local_northstar_report" name="test_mobile_northstar_rejects_current_fair_neural_quality_gap" time="0.000" /><testcase classname="tests.test_write_mobile_local_northstar_report" name="test_mobile_northstar_rejects_prefill_regression" time="0.000" /><testcase classname="tests.training.test_patch_campaign" name="test_variable_patch_campaign_model_contract" time="0.007" /><testcase classname="tests.training.test_patch_campaign" name="test_adaptive_patch_campaign_model_contract" time="0.003" /><testcase classname="tests.training.test_patch_campaign" name="test_adaptive_routed_patch_dispatch_is_sparse_and_trainable" time="0.008" /></testsuite></testsuites>